[    0.000000] Initializing cgroup subsys cpuset
[    0.000000] Initializing cgroup subsys cpu
[    0.000000] Initializing cgroup subsys cpuacct
[    0.000000] Linux version 4.4.0-170-generic (buildd@lcy01-amd64-019) (gcc version 5.4.0 20160609 (Ubuntu 5.4.0-6ubuntu1~16.04.12) ) #199-Ubuntu SMP Thu Nov 14 01:45:04 UTC 2019 (Ubuntu 4.4.0-170.199-generic 4.4.200)
[    0.000000] Command line: BOOT_IMAGE=/boot/vmlinuz-4.4.0-170-generic root=LABEL=cloudimg-rootfs ro console=tty1 console=ttyS0
[    0.000000] KERNEL supported cpus:
[    0.000000]   Intel GenuineIntel
[    0.000000]   AMD AuthenticAMD
[    0.000000]   Centaur CentaurHauls
[    0.000000] x86/fpu: xstate_offset[2]:  576, xstate_sizes[2]:  256
[    0.000000] x86/fpu: Supporting XSAVE feature 0x01: 'x87 floating point registers'
[    0.000000] x86/fpu: Supporting XSAVE feature 0x02: 'SSE registers'
[    0.000000] x86/fpu: Supporting XSAVE feature 0x04: 'AVX registers'
[    0.000000] x86/fpu: Enabled xstate features 0x7, context size is 832 bytes, using 'standard' format.
[    0.000000] e820: BIOS-provided physical RAM map:
[    0.000000] BIOS-e820: [mem 0x0000000000000000-0x000000000009fbff] usable
[    0.000000] BIOS-e820: [mem 0x000000000009fc00-0x000000000009ffff] reserved
[    0.000000] BIOS-e820: [mem 0x00000000000f0000-0x00000000000fffff] reserved
[    0.000000] BIOS-e820: [mem 0x0000000000100000-0x000000003ffeffff] usable
[    0.000000] BIOS-e820: [mem 0x000000003fff0000-0x000000003fffffff] ACPI data
[    0.000000] BIOS-e820: [mem 0x00000000fec00000-0x00000000fec00fff] reserved
[    0.000000] BIOS-e820: [mem 0x00000000fee00000-0x00000000fee00fff] reserved
[    0.000000] BIOS-e820: [mem 0x00000000fffc0000-0x00000000ffffffff] reserved
[    0.000000] NX (Execute Disable) protection: active
[    0.000000] SMBIOS 2.5 present.
[    0.000000] Hypervisor detected: KVM
[    0.000000] e820: last_pfn = 0x3fff0 max_arch_pfn = 0x400000000
[    0.000000] MTRR: Disabled
[    0.000000] x86/PAT: MTRRs disabled, skipping PAT initialization too.
[    0.000000] CPU MTRRs all blank - virtualized system.
[    0.000000] x86/PAT: Configuration [0-7]: WB  WT  UC- UC  WB  WT  UC- UC  
[    0.000000] found SMP MP-table at [mem 0x0009fff0-0x0009ffff] mapped at [ffff88000009fff0]
[    0.000000] Scanning 1 areas for low memory corruption
[    0.000000] RAMDISK: [mem 0x362fa000-0x37174fff]
[    0.000000] ACPI: Early table checksum verification disabled
[    0.000000] ACPI: RSDP 0x00000000000E0000 000024 (v02 VBOX  )
[    0.000000] ACPI: XSDT 0x000000003FFF0030 00003C (v01 VBOX   VBOXXSDT 00000001 ASL  00000061)
[    0.000000] ACPI: FACP 0x000000003FFF00F0 0000F4 (v04 VBOX   VBOXFACP 00000001 ASL  00000061)
[    0.000000] ACPI: DSDT 0x000000003FFF0470 0022EA (v02 VBOX   VBOXBIOS 00000002 INTL 20100528)
[    0.000000] ACPI: FACS 0x000000003FFF0200 000040
[    0.000000] ACPI: FACS 0x000000003FFF0200 000040
[    0.000000] ACPI: APIC 0x000000003FFF0240 00005C (v02 VBOX   VBOXAPIC 00000001 ASL  00000061)
[    0.000000] ACPI: SSDT 0x000000003FFF02A0 0001CC (v01 VBOX   VBOXCPUT 00000002 INTL 20100528)
[    0.000000] No NUMA configuration found
[    0.000000] Faking a node at [mem 0x0000000000000000-0x000000003ffeffff]
[    0.000000] NODE_DATA(0) allocated [mem 0x3ffeb000-0x3ffeffff]
[    0.000000] kvm-clock: Using msrs 4b564d01 and 4b564d00
[    0.000000] kvm-clock: cpu 0, msr 0:3ffe3001, primary cpu clock
[    0.000000] kvm-clock: using sched offset of 3689917083 cycles
[    0.000000] clocksource: kvm-clock: mask: 0xffffffffffffffff max_cycles: 0x1cd42e4dffb, max_idle_ns: 881590591483 ns
[    0.000000] Zone ranges:
[    0.000000]   DMA      [mem 0x0000000000001000-0x0000000000ffffff]
[    0.000000]   DMA32    [mem 0x0000000001000000-0x000000003ffeffff]
[    0.000000]   Normal   empty
[    0.000000]   Device   empty
[    0.000000] Movable zone start for each node
[    0.000000] Early memory node ranges
[    0.000000]   node   0: [mem 0x0000000000001000-0x000000000009efff]
[    0.000000]   node   0: [mem 0x0000000000100000-0x000000003ffeffff]
[    0.000000] Initmem setup node 0 [mem 0x0000000000001000-0x000000003ffeffff]
[    0.000000] ACPI: PM-Timer IO Port: 0x4008
[    0.000000] IOAPIC[0]: apic_id 2, version 32, address 0xfec00000, GSI 0-23
[    0.000000] ACPI: INT_SRC_OVR (bus 0 bus_irq 0 global_irq 2 dfl dfl)
[    0.000000] ACPI: INT_SRC_OVR (bus 0 bus_irq 9 global_irq 9 low level)
[    0.000000] Using ACPI (MADT) for SMP configuration information
[    0.000000] smpboot: Allowing 2 CPUs, 0 hotplug CPUs
[    0.000000] PM: Registered nosave memory: [mem 0x00000000-0x00000fff]
[    0.000000] PM: Registered nosave memory: [mem 0x0009f000-0x0009ffff]
[    0.000000] PM: Registered nosave memory: [mem 0x000a0000-0x000effff]
[    0.000000] PM: Registered nosave memory: [mem 0x000f0000-0x000fffff]
[    0.000000] e820: [mem 0x40000000-0xfebfffff] available for PCI devices
[    0.000000] Booting paravirtualized kernel on KVM
[    0.000000] clocksource: refined-jiffies: mask: 0xffffffff max_cycles: 0xffffffff, max_idle_ns: 7645519600211568 ns
[    0.000000] setup_percpu: NR_CPUS:512 nr_cpumask_bits:512 nr_cpu_ids:2 nr_node_ids:1
[    0.000000] PERCPU: Embedded 33 pages/cpu @ffff88003fc00000 s95448 r8192 d31528 u1048576
[    0.000000] Built 1 zonelists in Node order, mobility grouping on.  Total pages: 257912
[    0.000000] Policy zone: DMA32
[    0.000000] Kernel command line: BOOT_IMAGE=/boot/vmlinuz-4.4.0-170-generic root=LABEL=cloudimg-rootfs ro console=tty1 console=ttyS0
[    0.000000] PID hash table entries: 4096 (order: 3, 32768 bytes)
[    0.000000] Memory: 997728K/1048120K available (8626K kernel code, 1336K rwdata, 4036K rodata, 1488K init, 1288K bss, 50392K reserved, 0K cma-reserved)
[    0.000000] SLUB: HWalign=64, Order=0-3, MinObjects=0, CPUs=2, Nodes=1
[    0.000000] Kernel/User page tables isolation: enabled
[    0.000000] Hierarchical RCU implementation.
[    0.000000] 	Build-time adjustment of leaf fanout to 64.
[    0.000000] 	RCU restricting CPUs from NR_CPUS=512 to nr_cpu_ids=2.
[    0.000000] RCU: Adjusting geometry for rcu_fanout_leaf=64, nr_cpu_ids=2
[    0.000000] NR_IRQS:33024 nr_irqs:440 16
[    0.000000] Console: colour VGA+ 80x25
[    0.000000] console [tty1] enabled
[    0.000000] console [ttyS0] enabled
[    0.000000] tsc: Detected 2712.000 MHz processor
[    0.201147] Calibrating delay loop (skipped) preset value.. 5424.00 BogoMIPS (lpj=10848000)
[    0.202847] pid_max: default: 32768 minimum: 301
[    0.203790] ACPI: Core revision 20150930
[    0.205974] ACPI: 2 ACPI AML tables successfully acquired and loaded
[    0.207698] Security Framework initialized
[    0.208646] Yama: becoming mindful.
[    0.209456] AppArmor: AppArmor initialized
[    0.210516] Dentry cache hash table entries: 131072 (order: 8, 1048576 bytes)
[    0.215128] Inode-cache hash table entries: 65536 (order: 7, 524288 bytes)
[    0.216978] Mount-cache hash table entries: 2048 (order: 2, 16384 bytes)
[    0.218540] Mountpoint-cache hash table entries: 2048 (order: 2, 16384 bytes)
[    0.220270] Initializing cgroup subsys io
[    0.221382] Initializing cgroup subsys memory
[    0.222362] Initializing cgroup subsys devices
[    0.223348] Initializing cgroup subsys freezer
[    0.224379] Initializing cgroup subsys net_cls
[    0.225345] Initializing cgroup subsys perf_event
[    0.226348] Initializing cgroup subsys net_prio
[    0.227279] Initializing cgroup subsys hugetlb
[    0.228595] Initializing cgroup subsys pids
[    0.231882] mce: CPU supports 0 MCE banks
[    0.232972] Last level iTLB entries: 4KB 64, 2MB 8, 4MB 8
[    0.234261] Last level dTLB entries: 4KB 64, 2MB 0, 4MB 0, 1GB 4
[    0.235791] Spectre V1 : Mitigation: usercopy/swapgs barriers and __user pointer sanitization
[    0.237959] Spectre V2 : Mitigation: Full generic retpoline
[    0.239499] Spectre V2 : Spectre v2 / SpectreRSB mitigation: Filling RSB on context switch
[    0.241735] Speculative Store Bypass: Vulnerable
[    0.242978] MDS: Vulnerable: Clear CPU buffers attempted, no microcode
[    0.250483] Freeing SMP alternatives memory: 36K
[    0.264261] ftrace: allocating 32302 entries in 127 pages
[    0.385563] smpboot: APIC(0) Converting physical 0 to logical package 0
[    0.387162] smpboot: Max logical packages: 1
[    0.388579] x2apic enabled
[    0.389503] Switched APIC routing to physical x2apic.
[    0.391895] ..TIMER: vector=0x30 apic1=0 pin1=2 apic2=-1 pin2=-1
[    0.501517] smpboot: CPU0: Intel(R) Core(TM) i5-7200U CPU @ 2.50GHz (family: 0x6, model: 0x8e, stepping: 0x9)
[    0.504402] Performance Events: unsupported p6 CPU model 142 no PMU driver, software events only.
[    0.523104] KVM setup paravirtual spinlock
[    0.525634] x86: Booting SMP configuration:
[    0.526837] .... node  #0, CPUs:      #1
[    0.528124] kvm-clock: cpu 1, msr 0:3ffe3041, secondary cpu clock
[    0.532388] mce: CPU supports 0 MCE banks
[    0.535128] x86: Booted up 1 node, 2 CPUs
[    0.536472] smpboot: Total of 2 processors activated (10848.00 BogoMIPS)
[    0.539130] devtmpfs: initialized
[    0.543349] evm: security.selinux
[    0.544414] evm: security.SMACK64
[    0.545358] evm: security.SMACK64EXEC
[    0.546483] evm: security.SMACK64TRANSMUTE
[    0.547566] evm: security.SMACK64MMAP
[    0.548549] evm: security.ima
[    0.549563] evm: security.capability
[    0.550842] clocksource: jiffies: mask: 0xffffffff max_cycles: 0xffffffff, max_idle_ns: 7645041785100000 ns
[    0.553314] futex hash table entries: 512 (order: 3, 32768 bytes)
[    0.555175] pinctrl core: initialized pinctrl subsystem
[    0.556629] RTC time: 23:12:16, date: 01/16/20
[    0.558139] NET: Registered protocol family 16
[    0.570890] cpuidle: using governor ladder
[    0.586258] cpuidle: using governor menu
[    0.589519] PCCT header not found.
[    0.592324] ACPI: bus type PCI registered
[    0.595307] acpiphp: ACPI Hot Plug PCI Controller Driver version: 0.5
[    0.599963] PCI: Using configuration type 1 for base access
[    0.621812] ACPI: Added _OSI(Module Device)
[    0.625164] ACPI: Added _OSI(Processor Device)
[    0.628630] ACPI: Added _OSI(3.0 _SCP Extensions)
[    0.632172] ACPI: Added _OSI(Processor Aggregator Device)
[    0.638506] ACPI: Executed 1 blocks of module-level executable AML code
[    0.649973] ACPI: Interpreter enabled
[    0.652920] ACPI: (supports S0 S5)
[    0.655640] ACPI: Using IOAPIC for interrupt routing
[    0.659966] PCI: Using host bridge windows from ACPI; if necessary, use "pci=nocrs" and report a bug
[    0.677990] ACPI: PCI Root Bridge [PCI0] (domain 0000 [bus 00-ff])
[    0.682446] acpi PNP0A03:00: _OSC: OS supports [ASPM ClockPM Segments MSI]
[    0.688597] acpi PNP0A03:00: _OSC: not requesting OS control; OS requires [ExtendedConfig ASPM ClockPM MSI]
[    0.693306] acpi PNP0A03:00: fail to add MMCONFIG information, can't access extended PCI configuration space under this bridge.
[    0.699051] PCI host bridge to bus 0000:00
[    0.700854] pci_bus 0000:00: root bus resource [io  0x0000-0x0cf7 window]
[    0.703384] pci_bus 0000:00: root bus resource [io  0x0d00-0xffff window]
[    0.706022] pci_bus 0000:00: root bus resource [mem 0x000a0000-0x000bffff window]
[    0.709516] pci_bus 0000:00: root bus resource [mem 0x40000000-0xfdffffff window]
[    0.712699] pci_bus 0000:00: root bus resource [bus 00-ff]
[    0.718327] pci 0000:00:01.1: legacy IDE quirk: reg 0x10: [io  0x01f0-0x01f7]
[    0.720549] pci 0000:00:01.1: legacy IDE quirk: reg 0x14: [io  0x03f6]
[    0.722151] pci 0000:00:01.1: legacy IDE quirk: reg 0x18: [io  0x0170-0x0177]
[    0.723927] pci 0000:00:01.1: legacy IDE quirk: reg 0x1c: [io  0x0376]
[    0.770823] pci 0000:00:07.0: quirk: [io  0x4000-0x403f] claimed by PIIX4 ACPI
[    0.773230] pci 0000:00:07.0: quirk: [io  0x4100-0x410f] claimed by PIIX4 SMB
[    0.790195] ACPI: PCI Interrupt Link [LNKA] (IRQs 5 9 10 *11)
[    0.792386] ACPI: PCI Interrupt Link [LNKB] (IRQs 5 9 *10 11)
[    0.794326] ACPI: PCI Interrupt Link [LNKC] (IRQs 5 *9 10 11)
[    0.796215] ACPI: PCI Interrupt Link [LNKD] (IRQs 5 9 10 *11)
[    0.798056] ACPI: Enabled 2 GPEs in block 00 to 07
[    0.799553] vgaarb: setting as boot device: PCI:0000:00:02.0
[    0.800704] vgaarb: device added: PCI:0000:00:02.0,decodes=io+mem,owns=io+mem,locks=none
[    0.802706] vgaarb: loaded
[    0.803553] vgaarb: bridge control possible 0000:00:02.0
[    0.804876] SCSI subsystem initialized
[    0.805987] ACPI: bus type USB registered
[    0.806979] usbcore: registered new interface driver usbfs
[    0.808267] usbcore: registered new interface driver hub
[    0.809471] usbcore: registered new device driver usb
[    0.810892] PCI: Using ACPI for IRQ routing
[    0.812391] NetLabel: Initializing
[    0.813302] NetLabel:  domain hash size = 128
[    0.814280] NetLabel:  protocols = UNLABELED CIPSOv4
[    0.818769] NetLabel:  unlabeled traffic allowed by default
[    0.820704] amd_nb: Cannot enumerate AMD northbridges
[    0.822190] clocksource: Switched to clocksource kvm-clock
[    0.836736] AppArmor: AppArmor Filesystem Enabled
[    0.838034] pnp: PnP ACPI init
[    0.840187] pnp: PnP ACPI: found 3 devices
[    0.857361] clocksource: acpi_pm: mask: 0xffffff max_cycles: 0xffffff, max_idle_ns: 2085701024 ns
[    0.859680] NET: Registered protocol family 2
[    0.860921] TCP established hash table entries: 8192 (order: 4, 65536 bytes)
[    0.862407] TCP bind hash table entries: 8192 (order: 5, 131072 bytes)
[    0.863781] TCP: Hash tables configured (established 8192 bind 8192)
[    0.865131] UDP hash table entries: 512 (order: 2, 16384 bytes)
[    0.866534] UDP-Lite hash table entries: 512 (order: 2, 16384 bytes)
[    0.868070] NET: Registered protocol family 1
[    0.869228] pci 0000:00:00.0: Limiting direct PCI/PCI transfers
[    0.870695] pci 0000:00:01.0: Activating ISA DMA hang workarounds
[    0.872254] Unpacking initramfs...
[    1.215000] Freeing initrd memory: 14828K
[    1.216240] clocksource: tsc: mask: 0xffffffffffffffff max_cycles: 0x2717868ea45, max_idle_ns: 440795316085 ns
[    1.218339] platform rtc_cmos: registered platform RTC device (no PNP device found)
[    1.220208] Scanning for low memory corruption every 60 seconds
[    1.222046] audit: initializing netlink subsys (disabled)
[    1.223437] audit: type=2000 audit(1579216341.909:1): initialized
[    1.225366] Initialise system trusted keyring
[    1.226936] HugeTLB registered 2 MB page size, pre-allocated 0 pages
[    1.231162] zbud: loaded
[    1.232514] VFS: Disk quotas dquot_6.6.0
[    1.233629] VFS: Dquot-cache hash table entries: 512 (order 0, 4096 bytes)
[    1.236028] squashfs: version 4.0 (2009/01/31) Phillip Lougher
[    1.237844] fuse init (API version 7.23)
[    1.239188] Key type big_key registered
[    1.240277] Allocating IMA MOK and blacklist keyrings.
[    1.247251] Key type asymmetric registered
[    1.248766] Asymmetric key parser 'x509' registered
[    1.249740] Block layer SCSI generic (bsg) driver version 0.4 loaded (major 249)
[    1.251753] io scheduler noop registered
[    1.252634] io scheduler deadline registered (default)
[    1.253618] io scheduler cfq registered
[    1.254489] pci_hotplug: PCI Hot Plug PCI Core version: 0.5
[    1.255571] pciehp: PCI Express Hot Plug Controller Driver version: 0.4
[    1.256859] ACPI: AC Adapter [AC] (off-line)
[    1.257748] input: Power Button as /devices/LNXSYSTM:00/LNXPWRBN:00/input/input0
[    1.259230] ACPI: Power Button [PWRF]
[    1.260842] input: Sleep Button as /devices/LNXSYSTM:00/LNXSLPBN:00/input/input1
[    1.264728] ACPI: Sleep Button [SLPF]
[    1.268491] ACPI: Battery Slot [BAT0] (battery present)
[    1.271342] GHES: HEST is not enabled!
[    1.273498] Serial: 8250/16550 driver, 32 ports, IRQ sharing enabled
[    1.297967] 00:02: ttyS0 at I/O 0x3f8 (irq = 4, base_baud = 115200) is a 16550A
[    1.301949] Linux agpgart interface v0.103
[    1.306032] loop: module loaded
[    1.308770] scsi host0: ata_piix
[    1.310284] scsi host1: ata_piix
[    1.311434] ata1: PATA max UDMA/33 cmd 0x1f0 ctl 0x3f6 bmdma 0xd000 irq 14
[    1.313450] ata2: PATA max UDMA/33 cmd 0x170 ctl 0x376 bmdma 0xd008 irq 15
[    1.315577] libphy: Fixed MDIO Bus: probed
[    1.316976] tun: Universal TUN/TAP device driver, 1.6
[    1.318647] tun: (C) 1999-2004 Max Krasnyansky <maxk@qualcomm.com>
[    1.320428] PPP generic driver version 2.4.2
[    1.321601] ehci_hcd: USB 2.0 'Enhanced' Host Controller (EHCI) Driver
[    1.323142] ehci-pci: EHCI PCI platform driver
[    1.324259] ehci-platform: EHCI generic platform driver
[    1.325575] ohci_hcd: USB 1.1 'Open' Host Controller (OHCI) Driver
[    1.327122] ohci-pci: OHCI PCI platform driver
[    1.328299] ohci-platform: OHCI generic platform driver
[    1.329608] uhci_hcd: USB Universal Host Controller Interface driver
[    1.331381] i8042: PNP: PS/2 Controller [PNP0303:PS2K,PNP0f03:PS2M] at 0x60,0x64 irq 1,12
[    1.334438] serio: i8042 KBD port at 0x60,0x64 irq 1
[    1.335707] serio: i8042 AUX port at 0x60,0x64 irq 12
[    1.337070] mousedev: PS/2 mouse device common for all mice
[    1.339187] rtc_cmos rtc_cmos: rtc core: registered rtc_cmos as rtc0
[    1.340952] rtc_cmos rtc_cmos: alarms up to one day, 114 bytes nvram
[    1.342428] i2c /dev entries driver
[    1.343510] device-mapper: uevent: version 1.0.3
[    1.344724] input: AT Translated Set 2 keyboard as /devices/platform/i8042/serio0/input/input2
[    1.346992] device-mapper: ioctl: 4.34.0-ioctl (2015-10-28) initialised: dm-devel@redhat.com
[    1.349175] ledtrig-cpu: registered to indicate activity on CPUs
[    1.351855] NET: Registered protocol family 10
[    1.353262] NET: Registered protocol family 17
[    1.354556] Key type dns_resolver registered
[    1.355869] registered taskstats version 1
[    1.356934] Loading compiled-in X.509 certificates
[    1.359191] Loaded X.509 cert 'Build time autogenerated kernel key: f0e56e97f406068ace47a9bf54316e9855aaaa43'
[    1.361697] zswap: loaded using pool lzo/zbud
[    1.365832] Key type trusted registered
[    1.372113] Key type encrypted registered
[    1.373218] AppArmor: AppArmor sha1 policy hashing enabled
[    1.374519] ima: No TPM chip found, activating TPM-bypass!
[    1.375928] ima: Allocated hash algorithm: sha1
[    1.377083] evm: HMAC attrs: 0x1
[    1.378339]   Magic number: 4:779:251
[    1.379486] rtc_cmos rtc_cmos: setting system clock to 2020-01-16 23:12:17 UTC (1579216337)
[    1.381782] BIOS EDD facility v0.16 2004-Jun-25, 0 devices found
[    1.383275] EDD information not available.
[    1.474546] Freeing unused kernel memory: 1488K
[    1.477592] Write protecting the kernel read-only data: 14336k
[    1.486241] Freeing unused kernel memory: 1604K
[    1.489855] Freeing unused kernel memory: 60K
Loading, please wait...
starting version 229
[    1.534109] random: systemd-udevd: uninitialized urandom read (16 bytes read, 3 bits of entropy available)
[    1.536748] random: udevadm: uninitialized urandom read (16 bytes read, 3 bits of entropy available)
[    1.536834] random: udevadm: uninitialized urandom read (16 bytes read, 3 bits of entropy available)
[    1.552415] random: systemd-udevd: uninitialized urandom read (16 bytes read, 3 bits of entropy available)
[    1.558672] random: systemd-udevd: uninitialized urandom read (16 bytes read, 3 bits of entropy available)
[    1.562896] random: systemd-udevd: uninitialized urandom read (16 bytes read, 3 bits of entropy available)
[    1.563520] random: udevadm: uninitialized urandom read (16 bytes read, 3 bits of entropy available)
[    1.563662] random: udevadm: uninitialized urandom read (16 bytes read, 3 bits of entropy available)
[    1.564038] random: udevadm: uninitialized urandom read (16 bytes read, 3 bits of entropy available)
[    1.564168] random: udevadm: uninitialized urandom read (16 bytes read, 3 bits of entropy available)
[    1.622213] e1000: Intel(R) PRO/1000 Network Driver - version 7.3.21-k8-NAPI
[    1.623889] e1000: Copyright (c) 1999-2006 Intel Corporation.
[    1.635842] Fusion MPT base driver 3.04.20
[    1.637217] Copyright (c) 1999-2008 LSI Corporation
[    1.646025] Fusion MPT SPI Host driver 3.04.20
[    1.662618] AVX2 version of gcm_enc/dec engaged.
[    1.663828] AES CTR mode by8 optimization enabled
[    1.879050] input: ImExPS/2 Generic Explorer Mouse as /devices/platform/i8042/serio1/input/input4
[    2.087698] e1000 0000:00:03.0 eth0: (PCI:33MHz:32-bit) 02:dd:45:a7:5d:a0
[    2.092803] e1000 0000:00:03.0 eth0: Intel(R) PRO/1000 Network Connection
[    2.100275] mptbase: ioc0: Initiating bringup
[    2.251499] ioc0: LSI53C1030 A0: Capabilities={Initiator}
[    3.287046] scsi host2: ioc0: LSI53C1030 A0, FwRev=00000000h, Ports=1, MaxQ=256, IRQ=20
[    4.263452] scsi 2:0:0:0: Direct-Access     VBOX     HARDDISK         1.0  PQ: 0 ANSI: 5
[    4.269509] scsi target2:0:0: Beginning Domain Validation
[    4.280999] scsi target2:0:0: Domain Validation skipping write tests
[    4.285153] scsi target2:0:0: Ending Domain Validation
[    4.288965] scsi target2:0:0: asynchronous
[    4.294900] scsi 2:0:1:0: Direct-Access     VBOX     HARDDISK         1.0  PQ: 0 ANSI: 5
[    4.300775] scsi target2:0:1: Beginning Domain Validation
[    4.309837] scsi target2:0:1: Domain Validation skipping write tests
[    4.315184] scsi target2:0:1: Ending Domain Validation
[    4.319933] scsi target2:0:1: asynchronous
[    4.348894] sd 2:0:0:0: Attached scsi generic sg0 type 0
[    4.359439] sd 2:0:0:0: [sda] 20971520 512-byte logical blocks: (10.7 GB/10.0 GiB)
[    4.365968] sd 2:0:0:0: [sda] Write Protect is off
[    4.372329] sd 2:0:0:0: [sda] Incomplete mode parameter data
[    4.372331] sd 2:0:0:0: [sda] Assuming drive cache: write through
[    4.384646] sd 2:0:1:0: Attached scsi generic sg1 type 0
[    4.386943] sd 2:0:1:0: [sdb] 20480 512-byte logical blocks: (10.5 MB/10.0 MiB)
[    4.389375] sd 2:0:1:0: [sdb] Write Protect is off
[    4.391183] sd 2:0:1:0: [sdb] Incomplete mode parameter data
[    4.392593] sd 2:0:1:0: [sdb] Assuming drive cache: write through
[    4.394026]  sda: sda1
[    4.396507] sd 2:0:0:0: [sda] Attached SCSI disk
[    4.399936] sd 2:0:1:0: [sdb] Attached SCSI disk
[    6.137934] e1000 0000:00:08.0 eth1: (PCI:33MHz:32-bit) 08:00:27:53:17:42
[    6.142624] e1000 0000:00:08.0 eth1: Intel(R) PRO/1000 Network Connection
[    6.149928] e1000 0000:00:03.0 enp0s3: renamed from eth0
[    6.168289] e1000 0000:00:08.0 enp0s8: renamed from eth1
Begin: Loading essential drivers ... [    7.772845] md: linear personality registered for level -1
[    7.777825] md: multipath personality registered for level -4
[    7.782984] md: raid0 personality registered for level 0
[    7.790518] md: raid1 personality registered for level 1
[    7.866270] raid6: sse2x1   gen()  5774 MB/s
[    7.934423] raid6: sse2x1   xor()  6405 MB/s
[    8.002695] raid6: sse2x2   gen()  7741 MB/s
[    8.070468] raid6: sse2x2   xor()  5191 MB/s
[    8.138319] raid6: sse2x4   gen()  8184 MB/s
[    8.206215] raid6: sse2x4   xor()  5573 MB/s
[    8.274444] raid6: avx2x1   gen() 11575 MB/s
[    8.342333] raid6: avx2x2   gen() 13115 MB/s
[    8.410654] raid6: avx2x4   gen() 14087 MB/s
[    8.412015] raid6: using algorithm avx2x4 gen() 14087 MB/s
[    8.413301] raid6: using avx2x2 recovery algorithm
[    8.416334] xor: automatically using best checksumming function:
[    8.454226]    avx       : 13943.000 MB/sec
[    8.457360] async_tx: api initialized (async)
[    8.488729] md: raid6 personality registered for level 6
[    8.492453] md: raid5 personality registered for level 5
[    8.496524] md: raid4 personality registered for level 4
[    8.519423] md: raid10 personality registered for level 10
done.
Begin: Running /scripts/init-premount ... done.
Begin: Mounting root file system ... Begin: Running /scripts/local-top ... done.
Begin: Running /scripts/local-premount ... [    8.602404] Btrfs loaded
Scanning for Btrfs filesystems
done.
Warning: fsck not present, so skipping root file system
[    8.659066] EXT4-fs (sda1): mounted filesystem with ordered data mode. Opts: (null)
done.
Begin: Running /scripts/local-bottom ... done.
Begin: Running /scripts/init-bottom ... done.
[    8.840525] systemd[1]: systemd 229 running in system mode. (+PAM +AUDIT +SELINUX +IMA +APPARMOR +SMACK +SYSVINIT +UTMP +LIBCRYPTSETUP +GCRYPT +GNUTLS +ACL +XZ -LZ4 +SECCOMP +BLKID +ELFUTILS +KMOD -IDN)
[    8.845570] systemd[1]: Detected virtualization oracle.
[    8.847070] systemd[1]: Detected architecture x86-64.

Welcome to [1mUbuntu 16.04.6 LTS[0m!

[    8.860092] systemd[1]: Set hostname to <ubuntu>.
[    8.864893] systemd[1]: Initializing machine ID from random generator.
[    8.866873] systemd[1]: Installed transient /etc/machine-id file.
[    9.050920] systemd[1]: Listening on Journal Audit Socket.
[[0;32m  OK  [0m] Listening on Journal Audit Socket.
[    9.054781] systemd[1]: Listening on Journal Socket.
[[0;32m  OK  [0m] Listening on Journal Socket.
[    9.057640] systemd[1]: Set up automount Arbitrary Executable File Formats File System Automount Point.
[[0;32m  OK  [0m] Set up automount Arbitrary Executab...ats File System Automount Point.
[    9.062265] systemd[1]: Started Forward Password Requests to Wall Directory Watch.
[[0;32m  OK  [0m] Started Forward Password Requests to Wall Directory Watch.
[    9.066252] systemd[1]: Listening on Device-mapper event daemon FIFOs.
[[0;32m  OK  [0m] Listening on Device-mapper event daemon FIFOs.
[    9.069434] systemd[1]: Listening on LVM2 poll daemon socket.
[[0;32m  OK  [0m] Listening on LVM2 poll daemon socket.
[    9.072568] systemd[1]: Reached target Swap.
[[0;32m  OK  [0m] Reached target Swap.
[    9.074970] systemd[1]: Listening on udev Control Socket.
[[0;32m  OK  [0m] Listening on udev Control Socket.
[    9.077650] systemd[1]: Reached target User and Group Name Lookups.
[[0;32m  OK  [0m] Reached target User and Group Name Lookups.
[    9.080718] systemd[1]: Listening on Syslog Socket.
[[0;32m  OK  [0m] Listening on Syslog Socket.
[    9.083275] systemd[1]: Listening on LVM2 metadata daemon socket.
[[0;32m  OK  [0m] Listening on LVM2 metadata daemon socket.
[    9.086465] systemd[1]: Reached target System Time Synchronized.
[[0;32m  OK  [0m] Reached target System Time Synchronized.
[    9.089377] systemd[1]: Reached target Encrypted Volumes.
[[0;32m  OK  [0m] Reached target Encrypted Volumes.
[    9.091635] systemd[1]: Listening on udev Kernel Socket.
[[0;32m  OK  [0m] Listening on udev Kernel Socket.
[    9.093608] systemd[1]: Listening on /dev/initctl Compatibility Named Pipe.
[[0;32m  OK  [0m] Listening on /dev/initctl Compatibility Named Pipe.
[    9.096286] systemd[1]: Created slice User and Session Slice.
[[0;32m  OK  [0m] Created slice User and Session Slice.
[    9.098400] systemd[1]: Listening on Journal Socket (/dev/log).
[[0;32m  OK  [0m] Listening on Journal Socket (/dev/log).
[    9.100701] systemd[1]: Created slice System Slice.
[[0;32m  OK  [0m] Created slice System Slice.
[    9.114819] systemd[1]: Starting Create list of required static device nodes for the current kernel...
         Starting Create list of required st... nodes for the current kernel...
[    9.119439] systemd[1]: Starting Set console keymap...
         Starting Set console keymap...
[    9.123523] systemd[1]: Mounting POSIX Message Queue File System...
         Mounting POSIX Message Queue File System...
[    9.127647] systemd[1]: Mounting Debug File System...
         Mounting Debug File System...
[    9.131007] systemd[1]: Starting Journal Service...
         Starting Journal Service...
[    9.136255] systemd[1]: Reached target Slices.
[[0;32m  OK  [0m] Reached target Slices.
[    9.143171] systemd[1]: Starting Remount Root and Kernel File Systems...
         Starting Remount Root and Kernel File Systems...
[    9.147161] systemd[1]: Starting Monitoring of LVM2 mirrors, snapshots etc. using dmeventd or progress polling...
[    9.151849] EXT4-fs (sda1): re-mounted. Opts: (null)
         Starting Monitoring of LVM2 mirrors... dmeventd or progress polling...
[    9.156199] systemd[1]: Starting Uncomplicated firewall...
         Starting Uncomplicated firewall...
[    9.165264] systemd[1]: Created slice system-serial\x2dgetty.slice.
[[0;32m  OK  [0m] Created slice system-serial\x2dgetty.slice.
[    9.186615] systemd[1]: Mounting Huge Pages File System...
         Mounting Huge Pages File System...
[    9.189242] systemd[1]: Starting Nameserver information manager...
         Starting Nameserver information manager...
[    9.193713] systemd[1]: Starting Load Kernel Modules...
         Starting Load Kernel Modules...
[    9.195695] systemd[1]: Started Trigger resolvconf update for networkd DNS.
[[0;32m  OK  [0m] Started Trigger resolvconf update for networkd DNS.
[    9.200102] systemd[1]: Mounted POSIX Message Queue File System.
[[0;32m  OK  [0m] Mounted POSIX Message Queue File System.
[    9.202681] systemd[1]: Mounted Debug File System.
[[0;32m  OK  [0m] Mounted Debug File System.
[    9.204389] systemd[1]: Mounted Huge Pages File System.
[[0;32m  OK  [0m] Mounted Huge Pages File System.
[    9.206613] systemd[1]: Started Journal Service.
[[0;32m  OK  [0m] Started Journal Service.
[    9.208491] Loading iSCSI transport class v2.0-870.
[[0;32m  OK  [0m] Started Create list of required sta...ce nodes for the current kernel.
[[0;32m  OK  [0m] Started Set console keymap.
[[0;32m  OK  [0m] Started Remount Root and Kernel File Systems.
[    9.216556] iscsi: registered transport (tcp)
[[0;32m  OK  [0m] Started Uncomplicated firewall.
[[0;32m  OK  [0m] Started Nameserver information manager.
[[0;32m  OK  [0m] Started LVM2 metadata daemon.
         Starting udev Coldplug all Devices...
         Starting Load/Save Random Seed...
         Starting Create Static Device Nodes in /dev...
         Starting Flush Journal to Persistent Storage...
[[0;32m  OK  [0m] Started Load/Save Random Seed.
[    9.270464] systemd-journald[379]: Received request to flush runtime journal from PID 1
[    9.272932] iscsi: registered transport (iser)
[[0;32m  OK  [0m] Started Flush Journal to Persistent Storage.[    9.275811] random: nonblocking pool is initialized

[[0;32m  OK  [0m] Started Load Kernel Modules.
         Mounting FUSE Control File System...
         Starting Apply Kernel Variables...
[[0;32m  OK  [0m] Mounted FUSE Control File System.
[[0;32m  OK  [0m] Started Apply Kernel Variables.
[[0;32m  OK  [0m] Started Create Static Device Nodes in /dev.
         Starting udev Kernel Device Manager...
[[0;32m  OK  [0m] Started udev Coldplug all Devices.
[[0;32m  OK  [0m] Started Monitoring of LVM2 mirrors,...ng dmeventd or progress polling.
[[0;32m  OK  [0m] Reached target Local File Systems (Pre).
[[0;32m  OK  [0m] Reached target Local File Systems.
         Starting Create Volatile Files and Directories...
         Starting Set console font and keymap...
         Starting Commit a transient machine-id on disk...
         Starting LSB: AppArmor initialization...
         Starting Initial cloud-init job (pre-networking)...
         Starting Tell Plymouth To Write Out Runtime Data...
[[0;32m  OK  [0m] Started udev Kernel Device Manager.
[[0;32m  OK  [0m] Started Dispatch Password Requests to Console Directory Watch.
[[0;32m  OK  [0m] Started Create Volatile Files and Directories.
[[0;32m  OK  [0m] Started Tell Plymouth To Write Out Runtime Data.
         Starting Update UTMP about System Boot/Shutdown...
[[0;32m  OK  [0m] Started Commit a transient machine-id on disk.
[[0;32m  OK  [0m] Started Update UTMP about System Boot/Shutdown.
[[0;32m  OK  [0m] Found device /dev/ttyS0.
[[0;32m  OK  [0m] Listening on Load/Save RF Kill Switch Status /dev/rfkill Watch.
[[0;32m  OK  [0m] Started LSB: AppArmor initialization.
[   10.875175] cloud-init[484]: Cloud-init v. 19.2-36-g059d049c-0ubuntu2~16.04.1 running 'init-local' at Thu, 16 Jan 2020 23:12:26 +0000. Up 10.21 seconds.
[[0;32m  OK  [0m] Started Initial cloud-init job (pre-networking).
[[0;32m  OK  [0m] Reached target Network (Pre).
         Starting Raise network interfaces...
[[0;32m  OK  [0m] Started Set console font and keymap.
[[0;32m  OK  [0m] Created slice system-getty.slice.
[[0;32m  OK  [0m] Started Raise network interfaces.
[[0;32m  OK  [0m] Reached target Network.
         Starting Initial cloud-init job (metadata service crawler)...
[   13.185198] cloud-init[965]: Cloud-init v. 19.2-36-g059d049c-0ubuntu2~16.04.1 running 'init' at Thu, 16 Jan 2020 23:12:29 +0000. Up 12.59 seconds.
[   13.189040] cloud-init[965]: ci-info: ++++++++++++++++++++++++++++++++++++++Net device info+++++++++++++++++++++++++++++++++++++++
[   13.191699] cloud-init[965]: ci-info: +--------+-------+----------------------------+---------------+--------+-------------------+
[   13.195772] cloud-init[965]: ci-info: | Device |   Up  |          Address           |      Mask     | Scope  |     Hw-Address    |
[   13.201256] cloud-init[965]: ci-info: +--------+-------+----------------------------+---------------+--------+-------------------+
[   13.204164] cloud-init[965]: ci-info: | enp0s3 |  True |         10.0.2.15          | 255.255.255.0 | global | 02:dd:45:a7:5d:a0 |
[   13.209195] cloud-init[965]: ci-info: | enp0s3 |  True | fe80::dd:45ff:fea7:5da0/64 |       .       |  link  | 02:dd:45:a7:5d:a0 |
[   13.212506] cloud-init[965]: ci-info: | enp0s8 | False |             .              |       .       |   .    | 08:00:27:53:17:42 |
[   13.215110] cloud-init[965]: ci-info: |   lo   |  True |         127.0.0.1          |   255.0.0.0   |  host  |         .         |
[   13.217583] cloud-init[965]: ci-info: |   lo   |  True |          ::1/128           |       .       |  host  |         .         |
[   13.222523] cloud-init[965]: ci-info: +--------+-------+----------------------------+---------------+--------+-------------------+
[   13.226010] cloud-init[965]: ci-info: +++++++++++++++++++++++++++Route IPv4 info++++++++++++++++++++++++++++
[   13.228644] cloud-init[965]: ci-info: +-------+-------------+----------+---------------+-----------+-------+
[   13.231998] cloud-init[965]: ci-info: | Route | Destination | Gateway  |    Genmask    | Interface | Flags |
[   13.235641] cloud-init[965]: ci-info: +-------+-------------+----------+---------------+-----------+-------+
[   13.238603] cloud-init[965]: ci-info: |   0   |   0.0.0.0   | 10.0.2.2 |    0.0.0.0    |   enp0s3  |   UG  |
[   13.241711] cloud-init[965]: ci-info: |   1   |   10.0.2.0  | 0.0.0.0  | 255.255.255.0 |   enp0s3  |   U   |
[   13.247693] cloud-init[965]: ci-info: +-------+-------------+----------+---------------+-----------+-------+
[   13.252814] cloud-init[965]: ci-info: +++++++++++++++++++Route IPv6 info+++++++++++++++++++
[   13.255427] [[0;32m  OK  [0m] Started Initial cloud-init job (metadata service crawler).
[[0;32m  OK  [0m] Reached target Cloud-config availability.
[[0;32m  OK  [0m] Reached target System Initialization.
[[0;32m  OK  [0m] Started Message of the Day.
[[0;32m  OK  [0m] Started Daily Cleanup of Temporary Directories.
cloud-init[965]: ci-info: +-------+-------------+---------+-----------+-------+         Starting LXD - unix socket.
[[0;32m  OK  [0m] Listening on UUID daemon activation socket.
[[0;32m  OK  [0m] Started Daily apt download activities.
[[0;32m  OK  [0m] Listening on D-Bus System Message Bus Socket.

[   13.263646] [[0;32m  OK  [0m] Started ACPI Events Check.
[[0;32m  OK  [0m] Reached target Paths.
         Starting Socket activation for snappy daemon.
[[0;32m  OK  [0m] Listening on ACPID Listen Socket.
[[0;32m  OK  [0m] Started Daily apt upgrade and clean activities.
[[0;32m  OK  [0m] Reached target Timers.
[[0;32m  OK  [0m] Reached target Network is Online.
cloud-init[965]: ci-info: | Route | Destination | Gateway | Interface | Flags |
[   13.269951] cloud-init[965]: ci-info: +-------+-------------+---------+-----------+-------+
[   13.271616] cloud-init[965]: ci-info: |   0   |  fe80::/64  |    ::   |   enp0s3  |   U   |
         Starting iSCSI initiator daemon (iscsid)...
[[0;32m  OK  [0m] Listening on LXD - unix socket.
[   13.281956] [cloud-init[0;32m  OK  [0m[965]: ] ci-info: |   3   |   ff00::/8  |    ::   |   enp0s3  |   U   |Listening on Socket activation for snappy daemon.
[[0;32m  OK  [0m] Reached target Sockets.
[[0;32m  OK  [0m] Reached target Basic System.

         Starting Login Service...
[   13.289440]          Starting /etc/rc.local Compatibility...
         Starting Accounts Service...
         Starting LSB: MD monitoring daemon...
[[0;32m  OK  [0m] Started Deferred execution scheduler.
[[0;32m  OK  [0m] Started ACPI event daemon.
         Starting Snappy daemon...
         Starting Pollinate to seed the pseudo random number generator...
         Starting System Logging Service...
         Starting Virtualbox guest utils...
         Starting LXD - container startup/shutdown...
[[0;32m  OK  [0m] Started FUSE filesystem for LXC.
         Starting LSB: Record successful boot for GRUB...
[[0;32m  OK  [0m] Started Regular background program processing daemon.
[[0;32m  OK  [0m] Started D-Bus System Message Bus.
cloud-init[965]: ci-info: +-------+-------------+---------+-----------+-------+
[   13.332461] cloud-init[965]: Generating public/private rsa key pair.
[   13.335645] cloud-init[965]: Your identification has been saved in /etc/ssh/ssh_host_rsa_key.
[   13.344440] cloud-init[965]: Your public key has been saved in /etc/ssh/ssh_host_rsa_key.pub.
[   13.348837] cloud-init[965]: The key fingerprint is:
[   13.350080] cloud-init[965]: SHA256:bY0Pxa9Q3sqGU913O9LkKnPq0dKxpyjFVzXwaR/85MI root@ubuntu-xenial
[   13.356650] cloud-init[965]: The key's randomart image is:
[   13.358482] cloud-init[965]: +---[RSA 2048]----+
[   13.361478] cloud-init[965]: |             ..  |
[   13.363020] cloud-init[965]: |           .  o.o|
[   13.364964] cloud-init[965]: |            +  *+|
[   13.366746] cloud-init[965]: |         . * =.=+|
[   13.370298] cloud-init[965]: |        S B +.E.B|
[   13.371868] cloud-init[965]: |         . Xo+*.+|
[   13.373692] cloud-init[965]: |          +oB= * |
[   13.374990] cloud-init[965]: |         . =+.= .|
[   13.376646] cloud-init[965]: |          o+=o   |
[   13.378470] cloud-init[965]: +----[SHA256]-----+
[   13.379822] cloud-init[965]: Generating public/private dsa key pair.
[   13.381674] cloud-init[965]: Your identification has been saved in /etc/ssh/ssh_host_dsa_key.
[   13.384197] cloud-init[965]: Your public key has been saved in /etc/ssh/ssh_host_dsa_key.pub.
[   13.386319] cloud-init[965]: The key fingerprint is:
[   13.387718] cloud-init[965]: SHA256:FEUDsGAKJKjPxJ5o31KNuCYl+NQ+vsq6GSUP0F0qNyQ root@ubuntu-xenial
[   13.389492] cloud-init[965]: The key's randomart image is:
[   13.391468] cloud-init[965]: +---[DSA 1024]----+
[   13.392746] cloud-init[965]: |=.E + o.o++      |
[   13.395424] cloud-init[965]: |oo * + . . .     |
[   13.397031] cloud-init[965]: |o.+ = . .        |
[   13.398896] cloud-init[965]: |o oo . .         |
[   13.400711] cloud-init[965]: |+*.o. o S        |
[   13.402939] cloud-init[965]: |oB*o.o .         |
[   13.404716] cloud-init[965]: |oo=.+            |
[   13.406573] cloud-init[965]: | =.=o.           |
[   13.408869] cloud-init[965]: |+o=o+o           |
[   13.410087] cloud-init[965]: +----[SHA256]-----+
[   13.411671] cloud-init[965]: Generating public/private ecdsa key pair.
[   13.414533] cloud-init[965]: Your identification has been saved in /etc/ssh/ssh_host_ecdsa_key.
[   13.416140] cloud-init[965]: Your public key has been saved in /etc/ssh/ssh_host_ecdsa_key.pub.
[   13.418285] cloud-init[965]: The key fingerprint is:
[   13.419569] cloud-init[965]: SHA256:TCJ8/hEeG4KBdQgaeG0uiogJYypiIApiVhshRjJzyqo root@ubuntu-xenial
[   13.421196] cloud-init[965]: The key's randomart image is:
[   13.422234] cloud-init[965]: +---[ECDSA 256]---+
[   13.423637] cloud-init[965]: |B+o*+..          |
[   13.424754] cloud-init[965]: |=B++++           |
[   13.426231] cloud-init[965]: |oo.o* + =        |
[   13.428029] cloud-init[965]: |O+...+ * =       |
[   13.429963] cloud-init[965]: |^+ .  . S        |
[   13.431666] cloud-init[965]: |%.     . .       |
[   13.433106] cloud-init[965]: |E       .        |
[   13.434310] cloud-init[965]: |                 |
[   13.435980] cloud-init[965]: |                 |
[   13.437478] cloud-init[965]: +----[SHA256]-----+
[   13.439845] cloud-init[965]: Generating public/private ed25519 key pair.
[   13.443726] cloud-init[965]: Your identification has been saved in /etc/ssh/ssh_host_ed25519_key.
[   13.446359] cloud-init[965]: Your public key has been saved in /etc/ssh/ssh_host_ed25519_key.pub.
[   13.448738] cloud-init[965]: The key fingerprint is:
[   13.450475] cloud-init[965]: SHA256:rc96WfRi7/IqcrRwRiM5OKXMl2AqhmjKA7QUP1QwmfI root@ubuntu-xenial
[   13.452473] cloud-init[965]: The key's randomart image is:
[   13.453975] cloud-init[965]: +--[ED25519 256]--+
[   13.455659] cloud-init[965]: | ..+=.           |
[   13.457190] cloud-init[965]: | +oo. o .        |
[   13.459456] cloud-init[965]: |+.+o = = o       |
[   13.460845] cloud-init[965]: |+ooEo * *.o .    |
[   13.462067] cloud-init[965]: |=. .   oS+.o .   |
[   13.463618] cloud-init[965]: |.o      ..+ + .  |
[   13.465117] cloud-init[965]: |  .     .= = o   |
[   13.466526] cloud-init[965]: |        .o* . .  |
[   13.467903] cloud-init[965]: |        .=o..=o  |
[   13.469660] cloud-init[965]: +----[SHA256]-----+
[[0;32m  OK  [0m] Started System Logging Service.
[[0;32m  OK  [0m] Started /etc/rc.local Compatibility.
[[0;32m  OK  [0m] Started iSCSI initiator daemon (iscsid).
[[0;32m  OK  [0m] Started Login Service.
[[0;32m  OK  [0m] Started Unattended Upgrades Shutdown.
         Starting Login to default iSCSI targets...
         Starting Authenticate and Authorize Users to Run Privileged Tasks...
[[0;32m  OK  [0m] Started LSB: Record successful boot for GRUB.
[[0;32m  OK  [0m] Started LSB: MD monitoring daemon.
[[0;32m  OK  [0m] Started Login to default iSCSI targets.
[[0;32m  OK  [0m] Reached target Remote File Systems (Pre).
[[0;32m  OK  [0m] Reached target Remote File Systems.
         Starting LSB: automatic crash report generation...
         Starting LSB: daemon to balance interrupts for SMP systems...
         Starting Permit User Sessions...
         Starting LSB: Set the CPU Frequency Scaling governor to "ondemand"...
[[0;32m  OK  [0m] Started Permit User Sessions.
         Starting Hold until boot process finishes up...
         Starting Terminate Plymouth Boot Screen...
[[0;32m  OK  [0m] Started Hold until boot process finishes up.
[[0;32m  OK  [0m] Started Getty on tty1.
[[0;32m  OK  [0m] Started Serial Getty on ttyS0.
[[0;32m  OK  [0m] Reached target Login Prompts.
         Starting Set console scheme...
[[0;32m  OK  [0m] Started Authenticate and Authorize Users to Run Privileged Tasks.
[[0;32m  OK  [0m] Started Terminate Plymouth Boot Screen.
[[0;32m  OK  [0m] Started Set console scheme.
[[0;32m  OK  [0m] Started Accounts Service.
[[0;32m  OK  [0m] Started LSB: Set the CPU Frequency Scaling governor to "ondemand".
[[0;32m  OK  [0m] Started LSB: daemon to balance interrupts for SMP systems.
[[0;32m  OK  [0m] Started LSB: automatic crash report generation.
[[0;32m  OK  [0m] Started Virtualbox guest utils.
[[0;32m  OK  [0m] Started LXD - container startup/shutdown.
[[0;32m  OK  [0m] Started Snappy daemon.
         Starting Wait until snapd is fully seeded...
[[0;32m  OK  [0m] Started Pollinate to seed the pseudo random number generator.
         Starting OpenBSD Secure Shell server...
[[0;32m  OK  [0m] Started OpenBSD Secure Shell server.
[[0;32m  OK  [0m] Created slice User Slice of vagrant.
         Starting User Manager for UID 1000...
[[0;32m  OK  [0m] Started Session 1 of user vagrant.
[[0;32m  OK  [0m] Started User Manager for UID 1000.
[[0;32m  OK  [0m] Started Wait until snapd is fully seeded.
         Starting Apply the settings specified in cloud-config...
[[0;32m  OK  [0m] Reached target Multi-User System.
[[0;32m  OK  [0m] Reached target Graphical Interface.
         Starting Update UTMP about System Runlevel Changes...
[[0;32m  OK  [0m] Started Update UTMP about System Runlevel Changes.
[   16.016105] cloud-init[1445]: Generating locales (this might take a while)...
[   17.044289] cloud-init[1445]:   en_US.UTF-8... done
[   17.045550] cloud-init[1445]: Generation complete.
         Stopping User Manager for UID 1000...
[[0;32m  OK  [0m] Stopped User Manager for UID 1000.
[[0;32m  OK  [0m] Removed slice User Slice of vagrant.
[   17.457099] cloud-init[1445]: Cloud-init v. 19.2-36-g059d049c-0ubuntu2~16.04.1 running 'modules:config' at Thu, 16 Jan 2020 23:12:32 +0000. Up 15.86 seconds.
[[0;32m  OK  [0m] Started Apply the settings specified in cloud-config.
         Starting Execute cloud user/final scripts...
[[0;32m  OK  [0m] Created slice User Slice of vagrant.
         Starting User Manager for UID 1000...
[[0;32m  OK  [0m] Started Session 2 of user vagrant.
[[0;32m  OK  [0m] Started User Manager for UID 1000.
ci-info: no authorized ssh keys fingerprints found for user ubuntu.
<14>Jan 16 23:12:34 ec2: 
<14>Jan 16 23:12:34 ec2: #############################################################
<14>Jan 16 23:12:34 ec2: -----BEGIN SSH HOST KEY FINGERPRINTS-----
<14>Jan 16 23:12:34 ec2: 1024 SHA256:FEUDsGAKJKjPxJ5o31KNuCYl+NQ+vsq6GSUP0F0qNyQ root@ubuntu-xenial (DSA)
<14>Jan 16 23:12:34 ec2: 256 SHA256:TCJ8/hEeG4KBdQgaeG0uiogJYypiIApiVhshRjJzyqo root@ubuntu-xenial (ECDSA)
<14>Jan 16 23:12:34 ec2: 256 SHA256:rc96WfRi7/IqcrRwRiM5OKXMl2AqhmjKA7QUP1QwmfI root@ubuntu-xenial (ED25519)
<14>Jan 16 23:12:34 ec2: 2048 SHA256:bY0Pxa9Q3sqGU913O9LkKnPq0dKxpyjFVzXwaR/85MI root@ubuntu-xenial (RSA)
<14>Jan 16 23:12:34 ec2: -----END SSH HOST KEY FINGERPRINTS-----
<14>Jan 16 23:12:34 ec2: #############################################################
-----BEGIN SSH HOST KEY KEYS-----
ecdsa-sha2-nistp256 AAAAE2VjZHNhLXNoYTItbmlzdHAyNTYAAAAIbmlzdHAyNTYAAABBBI84bagB38i2kszs9ABR6mf9Ps/bkv+1ZutfhmB0gnjqacJaiHAzVdJ/Ct/+gxohyH2G9sNINVAL9HumUqRX2WQ= root@ubuntu-xenial
ssh-ed25519 AAAAC3NzaC1lZDI1NTE5AAAAIOVDjJJn0b4/KbNobvazSmr7C1wq1hjDbh1ddjsU4Y3r root@ubuntu-xenial
ssh-rsa AAAAB3NzaC1yc2EAAAADAQABAAABAQDL4ixzMKv2HSaFvHiyy/ESZs7Cd2F94nFTYxVUpKuUHbQo3ziCYjaTywjoFtWyDpphyCrSWGplz+IVClAXbyl6APnYqUlIc7VFQJMR4vNipwvPuUOUzhfmKeaFIw7CPXyvlt58W1DZulcHr9vctV9AcU7GsDOR7jHrfGJPtv8wlKQBtaz+fU3133G387LgoTZ5G5eJpRdsZ6yeZm5yPErJ7/Lc+ikF4vraMEg6TGncydFaCPNoZ1C7EmsEOgFMkR8NIzcEhY7+hQGdgPqSF2eeCr1j8bL8p+DQJWgr6BEg5/g67nEv4vbQJNuTRpe6GNl33BcTzS/QLJPGXoMG000R root@ubuntu-xenial
-----END SSH HOST KEY KEYS-----
[   18.155916] cloud-init[1596]: Cloud-init v. 19.2-36-g059d049c-0ubuntu2~16.04.1 running 'modules:final' at Thu, 16 Jan 2020 23:12:34 +0000. Up 17.95 seconds.
[   18.158251] cloud-init[1596]: ci-info: no authorized ssh keys fingerprints found for user ubuntu.
[   18.159728] cloud-init[1596]: Cloud-init v. 19.2-36-g059d049c-0ubuntu2~16.04.1 finished at Thu, 16 Jan 2020 23:12:34 +0000. Datasource DataSourceNoCloud [seed=/dev/sdb][dsmode=net].  Up 18.14 seconds
[[0;32m  OK  [0m] Started Execute cloud user/final scripts.
[[0;32m  OK  [0m] Reached target Cloud-init target.

Ubuntu 16.04.6 LTS ubuntu-xenial ttyS0

ubuntu-xenial login: 